<?xml version="1.0" encoding="UTF-8"?>
<!-- Generated by org.testng.reporters.JUnitXMLReporter -->
<testsuite hostname="Mohammed" name="order testing" tests="1" failures="1" timestamp="27 Feb 2019 10:18:03 GMT" time="0.009" errors="0">
  <testcase name="ordertesting" time="0.002" classname="functionality.OrderEpgrantTest">
    <failure type="org.testng.TestNGException" message="
Can&amp;apos;t invoke public void functionality.OrderEpgrantTest.ordertesting() throws java.lang.Exception: either make it static or add a no-args constructor to your class">
      <![CDATA[org.testng.TestNGException: 
Can't invoke public void functionality.OrderEpgrantTest.ordertesting() throws java.lang.Exception: either make it static or add a no-args constructor to your class
... Removed 21 stack frames]]>
    </failure>
  </testcase> <!-- ordertesting -->
</testsuite> <!-- order testing -->
